TN:
SF:src/modules/appointments/services/CreateAppointmentService.ts
FN:50,__decorate
FN:50,__metadata
FN:50,__param
FN:50,__awaiter
FN:50,adopt
FN:50,fulfilled
FN:50,rejected
FN:50,step
FN:50,__generator
FN:50,sent
FN:50,g.<computed>
FN:50,verb
FN:50,step
FN:50,__importDefault
FN:18,CreateAppointmentService
FN:23,CreateAppointmentService.execute
FNF:16
FNH:14
FNDA:1,__decorate
FNDA:1,__metadata
FNDA:1,__param
FNDA:3,__awaiter
FNDA:5,adopt
FNDA:5,fulfilled
FNDA:0,rejected
FNDA:7,step
FNDA:3,__generator
FNDA:5,sent
FNDA:0,g.<computed>
FNDA:9,verb
FNDA:8,step
FNDA:1,__importDefault
FNDA:2,CreateAppointmentService
FNDA:3,CreateAppointmentService.execute
DA:1,1
DA:2,1
DA:3,1
DA:4,1
DA:5,1
DA:6,1
DA:7,1
DA:8,1
DA:9,1
DA:10,1
DA:11,1
DA:12,1
DA:13,1
DA:14,1
DA:15,1
DA:16,1
DA:17,1
DA:18,1
DA:19,2
DA:20,2
DA:21,2
DA:22,1
DA:23,1
DA:24,3
DA:25,3
DA:26,3
DA:27,3
DA:28,3
DA:29,3
DA:30,3
DA:31,3
DA:32,3
DA:33,3
DA:34,3
DA:35,3
DA:36,3
DA:37,3
DA:38,1
DA:39,1
DA:40,2
DA:41,2
DA:42,2
DA:43,2
DA:44,2
DA:45,3
DA:46,3
DA:47,3
DA:48,1
DA:49,1
DA:50,1
LF:50
LH:50
BRDA:50,0,0,1
BRDA:50,1,0,1
BRDA:50,2,0,0
BRDA:50,3,0,0
BRDA:50,4,0,0
BRDA:50,5,0,0
BRDA:50,6,0,1
BRDA:50,7,0,1
BRDA:50,8,0,1
BRDA:50,9,0,3
BRDA:50,10,0,5
BRDA:50,11,0,0
BRDA:50,12,0,3
BRDA:50,13,0,5
BRDA:50,14,0,4
BRDA:50,15,0,1
BRDA:50,16,0,7
BRDA:50,17,0,2
BRDA:50,18,0,5
BRDA:50,19,0,3
BRDA:50,20,0,5
BRDA:50,21,0,0
BRDA:50,22,0,9
BRDA:50,23,0,8
BRDA:50,24,0,8
BRDA:50,25,0,0
BRDA:50,26,0,16
BRDA:50,27,0,0
BRDA:50,28,0,0
BRDA:50,29,0,0
BRDA:50,30,0,0
BRDA:50,31,0,8
BRDA:50,32,0,8
BRDA:50,33,0,5
BRDA:50,34,0,0
BRDA:50,35,0,0
BRDA:50,36,0,3
BRDA:50,37,0,0
BRDA:50,38,0,2
BRDA:50,39,0,0
BRDA:50,40,0,0
BRDA:50,41,0,0
BRDA:50,42,0,0
BRDA:50,43,0,8
BRDA:50,44,0,7
BRDA:50,45,0,1
BRDA:50,46,0,8
BRDA:50,47,0,3
BRDA:50,48,0,1
BRDA:50,49,0,2
BRDA:50,50,0,0
BRDA:50,51,0,1
BRDA:50,52,0,0
BRDA:17,53,0,1
BRDA:18,54,0,2
BRDA:23,55,0,3
BRDA:50,56,0,3
BRDA:50,57,0,8
BRDA:50,58,0,3
BRDA:50,59,0,3
BRDA:37,60,0,1
BRDA:39,61,0,2
BRDA:50,62,0,2
BRF:63
BRH:43
end_of_record
TN:
SF:src/modules/users/services/AuthenticateUserService.ts
FN:59,__decorate
FN:59,__metadata
FN:59,__param
FN:59,__awaiter
FN:59,adopt
FN:59,fulfilled
FN:59,rejected
FN:59,step
FN:59,__generator
FN:59,sent
FN:59,g.<computed>
FN:59,verb
FN:59,step
FN:59,__importDefault
FN:20,AuthenticateUserService
FN:28,AuthenticateUserService.execute
FNF:16
FNH:14
FNDA:1,__decorate
FNDA:1,__metadata
FNDA:2,__param
FNDA:3,__awaiter
FNDA:5,adopt
FNDA:5,fulfilled
FNDA:0,rejected
FNDA:6,step
FNDA:3,__generator
FNDA:5,sent
FNDA:0,g.<computed>
FNDA:9,verb
FNDA:8,step
FNDA:2,__importDefault
FNDA:3,AuthenticateUserService
FNDA:3,AuthenticateUserService.execute
DA:1,1
DA:2,1
DA:3,1
DA:4,1
DA:5,1
DA:6,1
DA:7,1
DA:8,1
DA:9,1
DA:10,1
DA:11,1
DA:12,1
DA:13,1
DA:14,1
DA:15,1
DA:16,1
DA:17,1
DA:18,1
DA:19,1
DA:20,1
DA:21,3
DA:22,3
DA:23,3
DA:24,3
DA:25,3
DA:26,3
DA:27,1
DA:28,1
DA:29,3
DA:30,3
DA:31,3
DA:32,3
DA:33,3
DA:34,3
DA:35,1
DA:36,1
DA:37,2
DA:38,2
DA:39,2
DA:40,2
DA:41,2
DA:42,3
DA:43,3
DA:44,1
DA:45,1
DA:46,1
DA:47,1
DA:48,1
DA:49,1
DA:50,1
DA:51,1
DA:52,1
DA:53,1
DA:54,1
DA:55,1
DA:56,3
DA:57,1
DA:58,1
DA:59,1
LF:59
LH:59
BRDA:59,0,0,1
BRDA:59,1,0,1
BRDA:59,2,0,0
BRDA:59,3,0,0
BRDA:59,4,0,0
BRDA:59,5,0,0
BRDA:59,6,0,1
BRDA:59,7,0,2
BRDA:59,8,0,2
BRDA:59,9,0,3
BRDA:59,10,0,5
BRDA:59,11,0,0
BRDA:59,12,0,3
BRDA:59,13,0,5
BRDA:59,14,0,3
BRDA:59,15,0,2
BRDA:59,16,0,6
BRDA:59,17,0,1
BRDA:59,18,0,5
BRDA:59,19,0,3
BRDA:59,20,0,5
BRDA:59,21,0,0
BRDA:59,22,0,9
BRDA:59,23,0,8
BRDA:59,24,0,8
BRDA:59,25,0,0
BRDA:59,26,0,16
BRDA:59,27,0,0
BRDA:59,28,0,0
BRDA:59,29,0,0
BRDA:59,30,0,0
BRDA:59,31,0,8
BRDA:59,32,0,8
BRDA:59,33,0,5
BRDA:59,34,0,0
BRDA:59,35,0,0
BRDA:59,36,0,3
BRDA:59,37,0,0
BRDA:59,38,0,1
BRDA:59,39,0,0
BRDA:59,40,0,0
BRDA:59,41,0,0
BRDA:59,42,0,0
BRDA:59,43,0,8
BRDA:59,44,0,6
BRDA:59,45,0,2
BRDA:59,46,0,8
BRDA:59,47,0,3
BRDA:59,48,0,2
BRDA:59,49,0,1
BRDA:59,50,0,0
BRDA:59,51,0,2
BRDA:59,52,0,0
BRDA:19,53,0,1
BRDA:20,54,0,3
BRDA:28,55,0,3
BRDA:59,56,0,3
BRDA:59,57,0,8
BRDA:32,58,0,3
BRDA:59,59,0,3
BRDA:34,60,0,1
BRDA:36,61,0,2
BRDA:59,62,0,2
BRDA:43,63,0,1
BRF:64
BRH:44
end_of_record
TN:
SF:src/modules/users/services/CreateUserService.ts
FN:46,__decorate
FN:46,__metadata
FN:46,__param
FN:46,__awaiter
FN:46,adopt
FN:46,fulfilled
FN:46,rejected
FN:46,step
FN:46,__generator
FN:46,sent
FN:46,g.<computed>
FN:46,verb
FN:46,step
FN:46,__importDefault
FN:19,CreateUserService
FN:27,CreateUserService.execute
FNF:16
FNH:14
FNDA:2,__decorate
FNDA:2,__metadata
FNDA:4,__param
FNDA:5,__awaiter
FNDA:13,adopt
FNDA:13,fulfilled
FNDA:0,rejected
FNDA:17,step
FNDA:5,__generator
FNDA:13,sent
FNDA:0,g.<computed>
FNDA:15,verb
FNDA:18,step
FNDA:2,__importDefault
FNDA:4,CreateUserService
FNDA:5,CreateUserService.execute
DA:1,1
DA:2,1
DA:3,1
DA:4,1
DA:5,1
DA:6,1
DA:7,1
DA:8,1
DA:9,1
DA:10,1
DA:11,1
DA:12,1
DA:13,1
DA:14,1
DA:15,1
DA:16,1
DA:17,1
DA:18,2
DA:19,2
DA:20,4
DA:21,4
DA:22,4
DA:23,4
DA:24,4
DA:25,4
DA:26,2
DA:27,2
DA:28,5
DA:29,5
DA:30,5
DA:31,1
DA:32,1
DA:33,4
DA:34,4
DA:35,5
DA:36,5
DA:37,5
DA:38,5
DA:39,5
DA:40,5
DA:41,5
DA:42,5
DA:43,5
DA:44,2
DA:45,1
DA:46,1
LF:46
LH:46
BRDA:46,0,0,2
BRDA:46,1,0,2
BRDA:46,2,0,0
BRDA:46,3,0,0
BRDA:46,4,0,0
BRDA:46,5,0,0
BRDA:46,6,0,2
BRDA:46,7,0,4
BRDA:46,8,0,4
BRDA:46,9,0,5
BRDA:46,10,0,13
BRDA:46,11,0,0
BRDA:46,12,0,5
BRDA:46,13,0,13
BRDA:46,14,0,12
BRDA:46,15,0,1
BRDA:46,16,0,17
BRDA:46,17,0,4
BRDA:46,18,0,13
BRDA:46,19,0,5
BRDA:46,20,0,13
BRDA:46,21,0,0
BRDA:46,22,0,15
BRDA:46,23,0,18
BRDA:46,24,0,18
BRDA:46,25,0,0
BRDA:46,26,0,36
BRDA:46,27,0,0
BRDA:46,28,0,0
BRDA:46,29,0,0
BRDA:46,30,0,0
BRDA:46,31,0,18
BRDA:46,32,0,18
BRDA:46,33,0,13
BRDA:46,34,0,0
BRDA:46,35,0,0
BRDA:46,36,0,5
BRDA:46,37,0,0
BRDA:46,38,0,4
BRDA:46,39,0,0
BRDA:46,40,0,0
BRDA:46,41,0,0
BRDA:46,42,0,0
BRDA:46,43,0,28
BRDA:46,44,0,18
BRDA:46,45,0,17
BRDA:46,46,0,1
BRDA:46,47,0,18
BRDA:46,48,0,5
BRDA:46,49,0,1
BRDA:46,50,0,4
BRDA:46,51,0,0
BRDA:46,52,0,2
BRDA:46,53,0,0
BRDA:18,54,0,2
BRDA:19,55,0,4
BRDA:27,56,0,5
BRDA:46,57,0,5
BRDA:46,58,0,18
BRDA:28,59,0,5
BRDA:46,60,0,5
BRDA:30,61,0,1
BRDA:32,62,0,4
BRDA:46,63,0,4
BRDA:46,64,0,4
BRF:65
BRH:45
end_of_record
TN:
SF:src/modules/users/services/UpdateUserAvatarService.ts
FN:53,__decorate
FN:53,__metadata
FN:53,__param
FN:53,__awaiter
FN:53,adopt
FN:53,fulfilled
FN:53,rejected
FN:53,step
FN:53,__generator
FN:53,sent
FN:53,g.<computed>
FN:53,verb
FN:53,step
FN:53,__importDefault
FN:21,UpdateUserAvatarService
FN:29,UpdateUserAvatarService.execute
FNF:16
FNH:14
FNDA:1,__decorate
FNDA:1,__metadata
FNDA:2,__param
FNDA:4,__awaiter
FNDA:11,adopt
FNDA:11,fulfilled
FNDA:0,rejected
FNDA:14,step
FNDA:4,__generator
FNDA:11,sent
FNDA:0,g.<computed>
FNDA:12,verb
FNDA:15,step
FNDA:1,__importDefault
FNDA:3,UpdateUserAvatarService
FNDA:4,UpdateUserAvatarService.execute
DA:1,1
DA:2,1
DA:3,1
DA:4,1
DA:5,1
DA:6,1
DA:7,1
DA:8,1
DA:9,1
DA:10,1
DA:11,1
DA:12,1
DA:13,1
DA:14,1
DA:15,1
DA:16,1
DA:17,1
DA:18,1
DA:19,1
DA:20,1
DA:21,1
DA:22,3
DA:23,3
DA:24,3
DA:25,3
DA:26,3
DA:27,3
DA:28,1
DA:29,1
DA:30,4
DA:31,4
DA:32,4
DA:33,1
DA:34,1
DA:35,1
DA:36,1
DA:37,1
DA:38,3
DA:39,3
DA:40,1
DA:41,4
DA:42,4
DA:43,4
DA:44,4
DA:45,4
DA:46,4
DA:47,4
DA:48,4
DA:49,4
DA:50,4
DA:51,1
DA:52,1
DA:53,1
LF:53
LH:53
BRDA:53,0,0,1
BRDA:53,1,0,1
BRDA:53,2,0,0
BRDA:53,3,0,0
BRDA:53,4,0,0
BRDA:53,5,0,0
BRDA:53,6,0,1
BRDA:53,7,0,2
BRDA:53,8,0,2
BRDA:53,9,0,4
BRDA:53,10,0,11
BRDA:53,11,0,0
BRDA:53,12,0,4
BRDA:53,13,0,11
BRDA:53,14,0,10
BRDA:53,15,0,1
BRDA:53,16,0,14
BRDA:53,17,0,3
BRDA:53,18,0,11
BRDA:53,19,0,4
BRDA:53,20,0,11
BRDA:53,21,0,0
BRDA:53,22,0,12
BRDA:53,23,0,15
BRDA:53,24,0,15
BRDA:53,25,0,0
BRDA:53,26,0,32
BRDA:53,27,0,0
BRDA:53,28,0,0
BRDA:53,29,0,0
BRDA:53,30,0,0
BRDA:53,31,0,15
BRDA:53,32,0,15
BRDA:53,33,0,11
BRDA:53,34,0,0
BRDA:53,35,0,0
BRDA:53,36,0,6
BRDA:53,37,0,0
BRDA:53,38,0,5
BRDA:53,39,0,4
BRDA:53,40,0,2
BRDA:53,41,0,0
BRDA:53,42,0,2
BRDA:53,43,0,0
BRDA:53,44,0,0
BRDA:53,45,0,0
BRDA:53,46,0,17
BRDA:53,47,0,16
BRDA:53,48,0,1
BRDA:53,49,0,17
BRDA:53,50,0,4
BRDA:53,51,0,1
BRDA:53,52,0,3
BRDA:53,53,0,0
BRDA:53,54,0,1
BRDA:53,55,0,0
BRDA:20,56,0,1
BRDA:21,57,0,3
BRDA:29,58,0,4
BRDA:53,59,0,4
BRDA:53,60,0,17
BRDA:30,61,0,4
BRDA:53,62,0,4
BRDA:32,63,0,1
BRDA:37,64,0,3
BRDA:39,65,0,2
BRDA:39,66,0,1
BRDA:53,67,0,1
BRDA:43,68,0,3
BRDA:53,69,0,3
BRDA:53,70,0,3
BRF:71
BRH:51
end_of_record
